2024-10-05T09:57:02.552+07:00  INFO 11008 --- [restartedMain] com.dnanh01.backend.BackendApplication   : Starting BackendApplication using Java 17.0.12 with PID 11008 (E:\project\ss-v2\backend\target\classes started by dongu in E:\project\ss-v2\backend)
2024-10-05T09:57:02.552+07:00  INFO 11008 --- [restartedMain] com.dnanh01.backend.BackendApplication   : The following 1 profile is active: "local"
2024-10-05T09:57:02.626+07:00  INFO 11008 --- [restartedMain] .e.DevToolsPropertyDefaultsPostProcessor : Devtools property defaults active! Set 'spring.devtools.add-properties' to 'false' to disable
2024-10-05T09:57:02.626+07:00  INFO 11008 --- [restartedMain] .e.DevToolsPropertyDefaultsPostProcessor : For additional web related logging consider setting the 'logging.level.web' property to 'DEBUG'
2024-10-05T09:57:03.357+07:00  INFO 11008 --- [restartedMain] .s.d.r.c.RepositoryConfigurationDelegate : Bootstrapping Spring Data JPA repositories in DEFAULT mode.
2024-10-05T09:57:03.518+07:00  INFO 11008 --- [restartedMain] .s.d.r.c.RepositoryConfigurationDelegate : Finished Spring Data repository scanning in 148 ms. Found 21 JPA repository interfaces.
2024-10-05T09:57:04.283+07:00  INFO 11008 --- [restartedMain] o.s.b.w.embedded.tomcat.TomcatWebServer  : Tomcat initialized with port(s): 8088 (http)
2024-10-05T09:57:04.299+07:00  INFO 11008 --- [restartedMain] o.apache.catalina.core.StandardService   : Starting service [Tomcat]
2024-10-05T09:57:04.300+07:00  INFO 11008 --- [restartedMain] o.apache.catalina.core.StandardEngine    : Starting Servlet engine: [Apache Tomcat/10.1.15]
2024-10-05T09:57:04.385+07:00  INFO 11008 --- [restartedMain] o.a.c.c.C.[Tomcat].[localhost].[/]       : Initializing Spring embedded WebApplicationContext
2024-10-05T09:57:04.385+07:00  INFO 11008 --- [restartedMain] w.s.c.ServletWebServerApplicationContext : Root WebApplicationContext: initialization completed in 1759 ms
2024-10-05T09:57:04.551+07:00  INFO 11008 --- [restartedMain] o.hibernate.jpa.internal.util.LogHelper  : HHH000204: Processing PersistenceUnitInfo [name: default]
2024-10-05T09:57:04.618+07:00  INFO 11008 --- [restartedMain] org.hibernate.Version                    : HHH000412: Hibernate ORM core version 6.2.13.Final
2024-10-05T09:57:04.635+07:00  INFO 11008 --- [restartedMain] org.hibernate.cfg.Environment            : HHH000406: Using bytecode reflection optimizer
2024-10-05T09:57:04.910+07:00  INFO 11008 --- [restartedMain] o.s.o.j.p.SpringPersistenceUnitInfo      : No LoadTimeWeaver setup: ignoring JPA class transformer
2024-10-05T09:57:04.992+07:00  INFO 11008 --- [restartedMain] com.zaxxer.hikari.HikariDataSource       : HikariPool-1 - Starting...
2024-10-05T09:57:05.195+07:00  INFO 11008 --- [restartedMain] com.zaxxer.hikari.pool.HikariPool        : HikariPool-1 - Added connection org.postgresql.jdbc.PgConnection@5c8c3682
2024-10-05T09:57:05.195+07:00  INFO 11008 --- [restartedMain] com.zaxxer.hikari.HikariDataSource       : HikariPool-1 - Start completed.
2024-10-05T09:57:05.253+07:00  WARN 11008 --- [restartedMain] org.hibernate.orm.deprecation            : HHH90000025: PostgreSQLDialect does not need to be specified explicitly using 'hibernate.dialect' (remove the property setting and it will be selected by default)
2024-10-05T09:57:06.619+07:00  INFO 11008 --- [restartedMain] o.h.e.t.j.p.i.JtaPlatformInitiator       : HHH000489: No JTA platform available (set 'hibernate.transaction.jta.platform' to enable JTA platform integration)
2024-10-05T09:57:06.954+07:00  INFO 11008 --- [restartedMain] j.LocalContainerEntityManagerFactoryBean : Initialized JPA EntityManagerFactory for persistence unit 'default'
2024-10-05T09:57:07.055+07:00  WARN 11008 --- [restartedMain] JpaBaseConfiguration$JpaWebConfiguration : spring.jpa.open-in-view is enabled by default. Therefore, database queries may be performed during view rendering. Explicitly configure spring.jpa.open-in-view to disable this warning
2024-10-05T09:57:08.086+07:00  WARN 11008 --- [restartedMain] .s.s.UserDetailsServiceAutoConfiguration : 

Using generated security password: e55e6d82-ae8f-4589-8ab5-c5aeaa73f13a

This generated password is for development use only. Your security configuration must be updated before running your application in production.

2024-10-05T09:57:08.235+07:00  INFO 11008 --- [restartedMain] o.s.s.web.DefaultSecurityFilterChain     : Will secure any request with [org.springframework.security.web.session.DisableEncodeUrlFilter@21f885b5, org.springframework.security.web.context.request.async.WebAsyncManagerIntegrationFilter@14d32b2c, org.springframework.security.web.context.SecurityContextHolderFilter@3be10e75, org.springframework.security.web.header.HeaderWriterFilter@1df47a33, org.springframework.security.web.csrf.CsrfFilter@2e56b96b, org.springframework.security.web.authentication.logout.LogoutFilter@15defc56, org.springframework.security.web.authentication.UsernamePasswordAuthenticationFilter@48de90bd, org.springframework.security.web.authentication.ui.DefaultLoginPageGeneratingFilter@4bc9c313, org.springframework.security.web.authentication.ui.DefaultLogoutPageGeneratingFilter@10c20d38, org.springframework.security.web.authentication.www.BasicAuthenticationFilter@443e2412, org.springframework.security.web.savedrequest.RequestCacheAwareFilter@671150be, org.springframework.security.web.servletapi.SecurityContextHolderAwareRequestFilter@3ab71f8a, org.springframework.security.web.authentication.AnonymousAuthenticationFilter@527eecf, org.springframework.security.web.access.ExceptionTranslationFilter@4c6a6a1e, org.springframework.security.web.access.intercept.AuthorizationFilter@40a7241a]
2024-10-05T09:57:08.292+07:00  INFO 11008 --- [restartedMain] o.s.b.d.a.OptionalLiveReloadServer       : LiveReload server is running on port 35729
2024-10-05T09:57:08.358+07:00  INFO 11008 --- [restartedMain] o.s.b.w.embedded.tomcat.TomcatWebServer  : Tomcat started on port(s): 8088 (http) with context path ''
2024-10-05T09:57:08.373+07:00  INFO 11008 --- [restartedMain] com.dnanh01.backend.BackendApplication   : Started BackendApplication in 6.277 seconds (process running for 7.103)
2024-10-05T09:57:08.382+07:00  INFO 11008 --- [restartedMain] com.dnanh01.backend.BackendApplication   : App is working!!
2024-10-05T09:57:15.136+07:00  INFO 11008 --- [SpringApplicationShutdownHook] j.LocalContainerEntityManagerFactoryBean : Closing JPA EntityManagerFactory for persistence unit 'default'
2024-10-05T09:57:15.136+07:00  INFO 11008 --- [SpringApplicationShutdownHook] com.zaxxer.hikari.HikariDataSource       : HikariPool-1 - Shutdown initiated...
2024-10-05T09:57:15.136+07:00  INFO 11008 --- [SpringApplicationShutdownHook] com.zaxxer.hikari.HikariDataSource       : HikariPool-1 - Shutdown completed.
2024-10-05T16:53:12.852+07:00  INFO 9956 --- [restartedMain] com.dnanh01.backend.BackendApplication   : Starting BackendApplication using Java 17.0.12 with PID 9956 (E:\project\ss-v2\backend\target\classes started by dongu in E:\project\ss-v2\backend)
2024-10-05T16:53:12.856+07:00  INFO 9956 --- [restartedMain] com.dnanh01.backend.BackendApplication   : The following 1 profile is active: "local"
2024-10-05T16:53:12.941+07:00  INFO 9956 --- [restartedMain] .e.DevToolsPropertyDefaultsPostProcessor : Devtools property defaults active! Set 'spring.devtools.add-properties' to 'false' to disable
2024-10-05T16:53:12.941+07:00  INFO 9956 --- [restartedMain] .e.DevToolsPropertyDefaultsPostProcessor : For additional web related logging consider setting the 'logging.level.web' property to 'DEBUG'
2024-10-05T16:53:14.208+07:00  INFO 9956 --- [restartedMain] o.s.b.w.embedded.tomcat.TomcatWebServer  : Tomcat initialized with port(s): 8088 (http)
2024-10-05T16:53:14.228+07:00  INFO 9956 --- [restartedMain] o.apache.catalina.core.StandardService   : Starting service [Tomcat]
2024-10-05T16:53:14.229+07:00  INFO 9956 --- [restartedMain] o.apache.catalina.core.StandardEngine    : Starting Servlet engine: [Apache Tomcat/10.1.15]
2024-10-05T16:53:14.326+07:00  INFO 9956 --- [restartedMain] o.a.c.c.C.[Tomcat].[localhost].[/]       : Initializing Spring embedded WebApplicationContext
2024-10-05T16:53:14.328+07:00  INFO 9956 --- [restartedMain] w.s.c.ServletWebServerApplicationContext : Root WebApplicationContext: initialization completed in 1386 ms
2024-10-05T16:53:14.398+07:00  WARN 9956 --- [restartedMain] ConfigServletWebServerApplicationContext : Exception encountered during context initialization - cancelling refresh attempt: org.springframework.beans.factory.UnsatisfiedDependencyException: Error creating bean with name 'hibernateAddressDao': Unsatisfied dependency expressed through field 'sessionFactory': No qualifying bean of type 'org.hibernate.SessionFactory' available: expected at least 1 bean which qualifies as autowire candidate. Dependency annotations: {@org.springframework.beans.factory.annotation.Autowired(required=true)}
2024-10-05T16:53:14.408+07:00  INFO 9956 --- [restartedMain] o.apache.catalina.core.StandardService   : Stopping service [Tomcat]
2024-10-05T16:53:14.431+07:00  INFO 9956 --- [restartedMain] .s.b.a.l.ConditionEvaluationReportLogger : 

Error starting ApplicationContext. To display the condition evaluation report re-run your application with 'debug' enabled.
2024-10-05T16:53:14.513+07:00 ERROR 9956 --- [restartedMain] o.s.b.d.LoggingFailureAnalysisReporter   : 

***************************
APPLICATION FAILED TO START
***************************

Description:

Field sessionFactory in com.dnanh01.backend.dao.AbstractHibernateDao required a bean of type 'org.hibernate.SessionFactory' that could not be found.

The injection point has the following annotations:
	- @org.springframework.beans.factory.annotation.Autowired(required=true)


Action:

Consider defining a bean of type 'org.hibernate.SessionFactory' in your configuration.

2024-10-05T17:16:17.160+07:00  INFO 13576 --- [restartedMain] com.dnanh01.backend.BackendApplication   : Starting BackendApplication using Java 17.0.12 with PID 13576 (E:\project\ss-v2\backend\target\classes started by dongu in E:\project\ss-v2\backend)
2024-10-05T17:16:17.163+07:00  INFO 13576 --- [restartedMain] com.dnanh01.backend.BackendApplication   : The following 1 profile is active: "local"
2024-10-05T17:16:17.247+07:00  INFO 13576 --- [restartedMain] .e.DevToolsPropertyDefaultsPostProcessor : Devtools property defaults active! Set 'spring.devtools.add-properties' to 'false' to disable
2024-10-05T17:16:17.248+07:00  INFO 13576 --- [restartedMain] .e.DevToolsPropertyDefaultsPostProcessor : For additional web related logging consider setting the 'logging.level.web' property to 'DEBUG'
2024-10-05T17:16:18.563+07:00  INFO 13576 --- [restartedMain] o.s.b.w.embedded.tomcat.TomcatWebServer  : Tomcat initialized with port(s): 8088 (http)
2024-10-05T17:16:18.577+07:00  INFO 13576 --- [restartedMain] o.apache.catalina.core.StandardService   : Starting service [Tomcat]
2024-10-05T17:16:18.579+07:00  INFO 13576 --- [restartedMain] o.apache.catalina.core.StandardEngine    : Starting Servlet engine: [Apache Tomcat/10.1.15]
2024-10-05T17:16:18.678+07:00  INFO 13576 --- [restartedMain] o.a.c.c.C.[Tomcat].[localhost].[/]       : Initializing Spring embedded WebApplicationContext
2024-10-05T17:16:18.679+07:00  INFO 13576 --- [restartedMain] w.s.c.ServletWebServerApplicationContext : Root WebApplicationContext: initialization completed in 1430 ms
2024-10-05T17:16:18.755+07:00  WARN 13576 --- [restartedMain] ConfigServletWebServerApplicationContext : Exception encountered during context initialization - cancelling refresh attempt: org.springframework.beans.factory.UnsatisfiedDependencyException: Error creating bean with name 'hibernateAddressDao': Unsatisfied dependency expressed through field 'sessionFactory': No qualifying bean of type 'org.hibernate.SessionFactory' available: expected at least 1 bean which qualifies as autowire candidate. Dependency annotations: {@org.springframework.beans.factory.annotation.Autowired(required=true)}
2024-10-05T17:16:18.759+07:00  INFO 13576 --- [restartedMain] o.apache.catalina.core.StandardService   : Stopping service [Tomcat]
2024-10-05T17:16:18.784+07:00  INFO 13576 --- [restartedMain] .s.b.a.l.ConditionEvaluationReportLogger : 

Error starting ApplicationContext. To display the condition evaluation report re-run your application with 'debug' enabled.
2024-10-05T17:16:18.814+07:00 ERROR 13576 --- [restartedMain] o.s.b.d.LoggingFailureAnalysisReporter   : 

***************************
APPLICATION FAILED TO START
***************************

Description:

Field sessionFactory in com.dnanh01.backend.dao.AbstractHibernateDao required a bean of type 'org.hibernate.SessionFactory' that could not be found.

The injection point has the following annotations:
	- @org.springframework.beans.factory.annotation.Autowired(required=true)


Action:

Consider defining a bean of type 'org.hibernate.SessionFactory' in your configuration.

2024-10-05T17:20:47.466+07:00  INFO 10004 --- [restartedMain] com.dnanh01.backend.BackendApplication   : Starting BackendApplication using Java 17.0.12 with PID 10004 (E:\project\ss-v2\backend\target\classes started by dongu in E:\project\ss-v2\backend)
2024-10-05T17:20:47.471+07:00  INFO 10004 --- [restartedMain] com.dnanh01.backend.BackendApplication   : The following 1 profile is active: "local"
2024-10-05T17:20:47.542+07:00  INFO 10004 --- [restartedMain] .e.DevToolsPropertyDefaultsPostProcessor : Devtools property defaults active! Set 'spring.devtools.add-properties' to 'false' to disable
2024-10-05T17:20:47.542+07:00  INFO 10004 --- [restartedMain] .e.DevToolsPropertyDefaultsPostProcessor : For additional web related logging consider setting the 'logging.level.web' property to 'DEBUG'
2024-10-05T17:20:48.364+07:00  INFO 10004 --- [restartedMain] .s.d.r.c.RepositoryConfigurationDelegate : Bootstrapping Spring Data JPA repositories in DEFAULT mode.
2024-10-05T17:20:48.449+07:00  INFO 10004 --- [restartedMain] .s.d.r.c.RepositoryConfigurationDelegate : Finished Spring Data repository scanning in 76 ms. Found 0 JPA repository interfaces.
2024-10-05T17:20:49.255+07:00  INFO 10004 --- [restartedMain] o.s.b.w.embedded.tomcat.TomcatWebServer  : Tomcat initialized with port(s): 8088 (http)
2024-10-05T17:20:49.276+07:00  INFO 10004 --- [restartedMain] o.apache.catalina.core.StandardService   : Starting service [Tomcat]
2024-10-05T17:20:49.279+07:00  INFO 10004 --- [restartedMain] o.apache.catalina.core.StandardEngine    : Starting Servlet engine: [Apache Tomcat/10.1.15]
2024-10-05T17:20:49.369+07:00  INFO 10004 --- [restartedMain] o.a.c.c.C.[Tomcat].[localhost].[/]       : Initializing Spring embedded WebApplicationContext
2024-10-05T17:20:49.374+07:00  INFO 10004 --- [restartedMain] w.s.c.ServletWebServerApplicationContext : Root WebApplicationContext: initialization completed in 1830 ms
2024-10-05T17:20:49.564+07:00  INFO 10004 --- [restartedMain] o.hibernate.jpa.internal.util.LogHelper  : HHH000204: Processing PersistenceUnitInfo [name: default]
2024-10-05T17:20:49.675+07:00  INFO 10004 --- [restartedMain] org.hibernate.Version                    : HHH000412: Hibernate ORM core version 6.2.13.Final
2024-10-05T17:20:49.681+07:00  INFO 10004 --- [restartedMain] org.hibernate.cfg.Environment            : HHH000406: Using bytecode reflection optimizer
2024-10-05T17:20:49.987+07:00  INFO 10004 --- [restartedMain] o.s.o.j.p.SpringPersistenceUnitInfo      : No LoadTimeWeaver setup: ignoring JPA class transformer
2024-10-05T17:20:50.022+07:00  INFO 10004 --- [restartedMain] com.zaxxer.hikari.HikariDataSource       : HikariPool-1 - Starting...
2024-10-05T17:20:50.244+07:00  INFO 10004 --- [restartedMain] com.zaxxer.hikari.pool.HikariPool        : HikariPool-1 - Added connection org.postgresql.jdbc.PgConnection@7434c0c8
2024-10-05T17:20:50.254+07:00  INFO 10004 --- [restartedMain] com.zaxxer.hikari.HikariDataSource       : HikariPool-1 - Start completed.
2024-10-05T17:20:50.305+07:00  WARN 10004 --- [restartedMain] org.hibernate.orm.deprecation            : HHH90000025: PostgreSQLDialect does not need to be specified explicitly using 'hibernate.dialect' (remove the property setting and it will be selected by default)
2024-10-05T17:20:51.794+07:00  INFO 10004 --- [restartedMain] o.h.e.t.j.p.i.JtaPlatformInitiator       : HHH000489: No JTA platform available (set 'hibernate.transaction.jta.platform' to enable JTA platform integration)
2024-10-05T17:20:52.074+07:00  WARN 10004 --- [restartedMain] o.h.engine.jdbc.spi.SqlExceptionHelper   : SQL Warning Code: 0, SQLState: 00000
2024-10-05T17:20:52.078+07:00  WARN 10004 --- [restartedMain] o.h.engine.jdbc.spi.SqlExceptionHelper   : constraint "uk_64t7ox312pqal3p7fg9o503c2" of relation "carts" does not exist, skipping
2024-10-05T17:20:52.084+07:00  WARN 10004 --- [restartedMain] o.h.engine.jdbc.spi.SqlExceptionHelper   : SQL Warning Code: 0, SQLState: 00000
2024-10-05T17:20:52.084+07:00  WARN 10004 --- [restartedMain] o.h.engine.jdbc.spi.SqlExceptionHelper   : constraint "uk_nry1f3jmc4abb5yvkftlvn6vg" of relation "permissions" does not exist, skipping
2024-10-05T17:20:52.084+07:00  WARN 10004 --- [restartedMain] o.h.engine.jdbc.spi.SqlExceptionHelper   : SQL Warning Code: 0, SQLState: 00000
2024-10-05T17:20:52.084+07:00  WARN 10004 --- [restartedMain] o.h.engine.jdbc.spi.SqlExceptionHelper   : constraint "uk_716hgxp60ym1lifrdgp67xt5k" of relation "roles" does not exist, skipping
2024-10-05T17:20:52.099+07:00  WARN 10004 --- [restartedMain] o.h.engine.jdbc.spi.SqlExceptionHelper   : SQL Warning Code: 0, SQLState: 00000
2024-10-05T17:20:52.099+07:00  WARN 10004 --- [restartedMain] o.h.engine.jdbc.spi.SqlExceptionHelper   : constraint "uk_6dotkott2kjsp8vw4d0m25fb7" of relation "users" does not exist, skipping
2024-10-05T17:20:52.104+07:00  WARN 10004 --- [restartedMain] o.h.engine.jdbc.spi.SqlExceptionHelper   : SQL Warning Code: 0, SQLState: 00000
2024-10-05T17:20:52.104+07:00  WARN 10004 --- [restartedMain] o.h.engine.jdbc.spi.SqlExceptionHelper   : constraint "uk_jjdvh1l9yke689raxjpnjosjp" of relation "users_sessions" does not exist, skipping
2024-10-05T17:20:52.204+07:00  INFO 10004 --- [restartedMain] j.LocalContainerEntityManagerFactoryBean : Initialized JPA EntityManagerFactory for persistence unit 'default'
2024-10-05T17:20:52.394+07:00  WARN 10004 --- [restartedMain] JpaBaseConfiguration$JpaWebConfiguration : spring.jpa.open-in-view is enabled by default. Therefore, database queries may be performed during view rendering. Explicitly configure spring.jpa.open-in-view to disable this warning
2024-10-05T17:20:52.749+07:00  WARN 10004 --- [restartedMain] .s.s.UserDetailsServiceAutoConfiguration : 

Using generated security password: 8aead692-8d59-4b45-800d-b5f3f2a711ab

This generated password is for development use only. Your security configuration must be updated before running your application in production.

2024-10-05T17:20:52.876+07:00  INFO 10004 --- [restartedMain] o.s.s.web.DefaultSecurityFilterChain     : Will secure any request with [org.springframework.security.web.session.DisableEncodeUrlFilter@17b2810c, org.springframework.security.web.context.request.async.WebAsyncManagerIntegrationFilter@425cd8d0, org.springframework.security.web.context.SecurityContextHolderFilter@28e67302, org.springframework.security.web.header.HeaderWriterFilter@42ceab8f, org.springframework.security.web.csrf.CsrfFilter@470697d2, org.springframework.security.web.authentication.logout.LogoutFilter@33e38c84, org.springframework.security.web.authentication.UsernamePasswordAuthenticationFilter@66e7d52d, org.springframework.security.web.authentication.ui.DefaultLoginPageGeneratingFilter@2b4243c8, org.springframework.security.web.authentication.ui.DefaultLogoutPageGeneratingFilter@324acad9, org.springframework.security.web.authentication.www.BasicAuthenticationFilter@383db0ca, org.springframework.security.web.savedrequest.RequestCacheAwareFilter@477911fe, org.springframework.security.web.servletapi.SecurityContextHolderAwareRequestFilter@948ad38, org.springframework.security.web.authentication.AnonymousAuthenticationFilter@37582c9d, org.springframework.security.web.access.ExceptionTranslationFilter@78e004e9, org.springframework.security.web.access.intercept.AuthorizationFilter@3bcf8367]
2024-10-05T17:20:52.935+07:00  INFO 10004 --- [restartedMain] o.s.b.d.a.OptionalLiveReloadServer       : LiveReload server is running on port 35729
2024-10-05T17:20:52.983+07:00  INFO 10004 --- [restartedMain] o.s.b.w.embedded.tomcat.TomcatWebServer  : Tomcat started on port(s): 8088 (http) with context path ''
2024-10-05T17:20:52.996+07:00  INFO 10004 --- [restartedMain] com.dnanh01.backend.BackendApplication   : Started BackendApplication in 6.04 seconds (process running for 6.634)
2024-10-05T17:20:53.000+07:00  INFO 10004 --- [restartedMain] com.dnanh01.backend.BackendApplication   : App is working!!
2024-10-05T17:21:32.715+07:00  INFO 10004 --- [SpringApplicationShutdownHook] j.LocalContainerEntityManagerFactoryBean : Closing JPA EntityManagerFactory for persistence unit 'default'
2024-10-05T17:21:32.724+07:00  INFO 10004 --- [SpringApplicationShutdownHook] com.zaxxer.hikari.HikariDataSource       : HikariPool-1 - Shutdown initiated...
2024-10-05T17:21:32.735+07:00  INFO 10004 --- [SpringApplicationShutdownHook] com.zaxxer.hikari.HikariDataSource       : HikariPool-1 - Shutdown completed.
